{"level":"error","message":"error 메시지"}
{"level":"warn","message":"warn 메시지"}
{"level":"info","message":"info 메시지"}
{"level":"error","message":"error 메시지"}
{"level":"warn","message":"warn 메시지"}
{"level":"info","message":"info 메시지"}
{"level":"error","message":"error 메시지"}
{"level":"warn","message":"warn 메시지"}
{"level":"info","message":"info 메시지"}
{"level":"error","message":"error 메시지"}
{"level":"warn","message":"warn 메시지"}
{"level":"info","message":"info 메시지"}
{"level":"error","message":"error 메시지","timestamp":"2022-09-02 10:42:43"}
{"level":"warn","message":"warn 메시지","timestamp":"2022-09-02 10:42:43"}
{"level":"info","message":"info 메시지","timestamp":"2022-09-02 10:42:43"}
{"level":"error","message":"error 메시지","timestamp":"2022-09-02 10:59:17"}
{"level":"warn","message":"warn 메시지","timestamp":"2022-09-02 10:59:17"}
{"level":"info","message":"info 메시지","timestamp":"2022-09-02 10:59:17"}
{"level":"error","message":"error 메시지","timestamp":"2022-09-02 10:59:33"}
{"level":"warn","message":"warn 메시지","timestamp":"2022-09-02 10:59:33"}
{"level":"info","message":"info 메시지","timestamp":"2022-09-02 10:59:33"}
{"level":"error","message":"error 메시지","timestamp":"2022-09-02 10:59:54"}
{"level":"warn","message":"warn 메시지","timestamp":"2022-09-02 10:59:54"}
{"level":"info","message":"info 메시지","timestamp":"2022-09-02 10:59:54"}
